{
  "meta": {
    "format": 3,
    "version": "7.13.1",
    "timestamp": "2026-01-06T04:23:13.489038",
    "branch_coverage": true,
    "show_contexts": false
  },
  "files": {
    "src/app/__init__.py": {
      "executed_lines": [],
      "summary": {
        "covered_lines": 0,
        "num_statements": 0,
        "percent_covered": 100.0,
        "percent_covered_display": "100",
        "missing_lines": 0,
        "excluded_lines": 0,
        "percent_statements_covered": 100.0,
        "percent_statements_covered_display": "100",
        "num_branches": 0,
        "num_partial_branches": 0,
        "covered_branches": 0,
        "missing_branches": 0,
        "percent_branches_covered": 100.0,
        "percent_branches_covered_display": "100"
      },
      "missing_lines": [],
      "excluded_lines": [],
      "executed_branches": [],
      "missing_branches": [],
      "functions": {
        "": {
          "executed_lines": [],
          "summary": {
            "covered_lines": 0,
            "num_statements": 0,
            "percent_covered": 100.0,
            "percent_covered_display": "100",
            "missing_lines": 0,
            "excluded_lines": 0,
            "percent_statements_covered": 100.0,
            "percent_statements_covered_display": "100",
            "num_branches": 0,
            "num_partial_branches": 0,
            "covered_branches": 0,
            "missing_branches": 0,
            "percent_branches_covered": 100.0,
            "percent_branches_covered_display": "100"
          },
          "missing_lines": [],
          "excluded_lines": [],
          "start_line": 1,
          "executed_branches": [],
          "missing_branches": []
        }
      },
      "classes": {
        "": {
          "executed_lines": [],
          "summary": {
            "covered_lines": 0,
            "num_statements": 0,
            "percent_covered": 100.0,
            "percent_covered_display": "100",
            "missing_lines": 0,
            "excluded_lines": 0,
            "percent_statements_covered": 100.0,
            "percent_statements_covered_display": "100",
            "num_branches": 0,
            "num_partial_branches": 0,
            "covered_branches": 0,
            "missing_branches": 0,
            "percent_branches_covered": 100.0,
            "percent_branches_covered_display": "100"
          },
          "missing_lines": [],
          "excluded_lines": [],
          "start_line": 1,
          "executed_branches": [],
          "missing_branches": []
        }
      }
    },
    "src/app/achievement/__init__.py": {
      "executed_lines": [3, 8, 15, 16, 17, 18, 28, 30],
      "summary": {
        "covered_lines": 8,
        "num_statements": 8,
        "percent_covered": 100.0,
        "percent_covered_display": "100",
        "missing_lines": 0,
        "excluded_lines": 0,
        "percent_statements_covered": 100.0,
        "percent_statements_covered_display": "100",
        "num_branches": 0,
        "num_partial_branches": 0,
        "covered_branches": 0,
        "missing_branches": 0,
        "percent_branches_covered": 100.0,
        "percent_branches_covered_display": "100"
      },
      "missing_lines": [],
      "excluded_lines": [],
      "executed_branches": [],
      "missing_branches": [],
      "functions": {
        "": {
          "executed_lines": [3, 8, 15, 16, 17, 18, 28, 30],
          "summary": {
            "covered_lines": 8,
            "num_statements": 8,
            "percent_covered": 100.0,
            "percent_covered_display": "100",
            "missing_lines": 0,
            "excluded_lines": 0,
            "percent_statements_covered": 100.0,
            "percent_statements_covered_display": "100",
            "num_branches": 0,
            "num_partial_branches": 0,
            "covered_branches": 0,
            "missing_branches": 0,
            "percent_branches_covered": 100.0,
            "percent_branches_covered_display": "100"
          },
          "missing_lines": [],
          "excluded_lines": [],
          "start_line": 1,
          "executed_branches": [],
          "missing_branches": []
        }
      },
      "classes": {
        "": {
          "executed_lines": [3, 8, 15, 16, 17, 18, 28, 30],
          "summary": {
            "covered_lines": 8,
            "num_statements": 8,
            "percent_covered": 100.0,
            "percent_covered_display": "100",
            "missing_lines": 0,
            "excluded_lines": 0,
            "percent_statements_covered": 100.0,
            "percent_statements_covered_display": "100",
            "num_branches": 0,
            "num_partial_branches": 0,
            "covered_branches": 0,
            "missing_branches": 0,
            "percent_branches_covered": 100.0,
            "percent_branches_covered_display": "100"
          },
          "missing_lines": [],
          "excluded_lines": [],
          "start_line": 1,
          "executed_branches": [],
          "missing_branches": []
        }
      }
    },
    "src/app/achievement/dependencies.py": {
      "executed_lines": [3, 5, 6, 8, 12, 13, 16, 28, 31, 46],
      "summary": {
        "covered_lines": 10,
        "num_statements": 12,
        "percent_covered": 83.33333333333333,
        "percent_covered_display": "83",
        "missing_lines": 2,
        "excluded_lines": 0,
        "percent_statements_covered": 83.33333333333333,
        "percent_statements_covered_display": "83",
        "num_branches": 0,
        "num_partial_branches": 0,
        "covered_branches": 0,
        "missing_branches": 0,
        "percent_branches_covered": 100.0,
        "percent_branches_covered_display": "100"
      },
      "missing_lines": [43, 66],
      "excluded_lines": [],
      "executed_branches": [],
      "missing_branches": [],
      "functions": {
        "get_achievement_repository": {
          "executed_lines": [28],
          "summary": {
            "covered_lines": 1,
            "num_statements": 1,
            "percent_covered": 100.0,
            "percent_covered_display": "100",
            "missing_lines": 0,
            "excluded_lines": 0,
            "percent_statements_covered": 100.0,
            "percent_statements_covered_display": "100",
            "num_branches": 0,
            "num_partial_branches": 0,
            "covered_branches": 0,
            "missing_branches": 0,
            "percent_branches_covered": 100.0,
            "percent_branches_covered_display": "100"
          },
          "missing_lines": [],
          "excluded_lines": [],
          "start_line": 16,
          "executed_branches": [],
          "missing_branches": []
        },
        "get_user_achievement_repository": {
          "executed_lines": [],
          "summary": {
            "covered_lines": 0,
            "num_statements": 1,
            "percent_covered": 0.0,
            "percent_covered_display": "0",
            "missing_lines": 1,
            "excluded_lines": 0,
            "percent_statements_covered": 0.0,
            "percent_statements_covered_display": "0",
            "num_branches": 0,
            "num_partial_branches": 0,
            "covered_branches": 0,
            "missing_branches": 0,
            "percent_branches_covered": 100.0,
            "percent_branches_covered_display": "100"
          },
          "missing_lines": [43],
          "excluded_lines": [],
          "start_line": 31,
          "executed_branches": [],
          "missing_branches": []
        },
        "get_achievement_service": {
          "executed_lines": [],
          "summary": {
            "covered_lines": 0,
            "num_statements": 1,
            "percent_covered": 0.0,
            "percent_covered_display": "0",
            "missing_lines": 1,
            "excluded_lines": 0,
            "percent_statements_covered": 0.0,
            "percent_statements_covered_display": "0",
            "num_branches": 0,
            "num_partial_branches": 0,
            "covered_branches": 0,
            "missing_branches": 0,
            "percent_branches_covered": 100.0,
            "percent_branches_covered_display": "100"
          },
          "missing_lines": [66],
          "excluded_lines": [],
          "start_line": 46,
          "executed_branches": [],
          "missing_branches": []
        },
        "": {
          "executed_lines": [3, 5, 6, 8, 12, 13, 16, 31, 46],
          "summary": {
            "covered_lines": 9,
            "num_statements": 9,
            "percent_covered": 100.0,
            "percent_covered_display": "100",
            "missing_lines": 0,
            "excluded_lines": 0,
            "percent_statements_covered": 100.0,
            "percent_statements_covered_display": "100",
            "num_branches": 0,
            "num_partial_branches": 0,
            "covered_branches": 0,
            "missing_branches": 0,
            "percent_branches_covered": 100.0,
            "percent_branches_covered_display": "100"
          },
          "missing_lines": [],
          "excluded_lines": [],
          "start_line": 1,
          "executed_branches": [],
          "missing_branches": []
        }
      },
      "classes": {
        "": {
          "executed_lines": [3, 5, 6, 8, 12, 13, 16, 28, 31, 46],
          "summary": {
            "covered_lines": 10,
            "num_statements": 12,
            "percent_covered": 83.33333333333333,
            "percent_covered_display": "83",
            "missing_lines": 2,
            "excluded_lines": 0,
            "percent_statements_covered": 83.33333333333333,
            "percent_statements_covered_display": "83",
            "num_branches": 0,
            "num_partial_branches": 0,
            "covered_branches": 0,
            "missing_branches": 0,
            "percent_branches_covered": 100.0,
            "percent_branches_covered_display": "100"
          },
          "missing_lines": [43, 66],
          "excluded_lines": [],
          "start_line": 1,
          "executed_branches": [],
          "missing_branches": []
        }
      }
    },
    "src/app/achievement/engine.py": {
      "executed_lines": [
        3, 4, 6, 7, 9, 10, 11, 12, 16, 19, 20, 21, 22, 23, 24, 28, 31, 32, 33, 34, 35, 39, 42, 43,
        44, 45, 46, 49, 50, 53, 54, 55, 58, 66, 73, 75, 98, 113, 116, 130, 133, 142, 143, 152, 154,
        169, 172, 175, 177, 178, 181, 189, 190, 191, 199, 201, 272, 328, 395, 445
      ],
      "summary": {
        "covered_lines": 60,
        "num_statements": 118,
        "percent_covered": 45.39473684210526,
        "percent_covered_display": "45",
        "missing_lines": 58,
        "excluded_lines": 0,
        "percent_statements_covered": 50.847457627118644,
        "percent_statements_covered_display": "51",
        "num_branches": 34,
        "num_partial_branches": 1,
        "covered_branches": 9,
        "missing_branches": 25,
        "percent_branches_covered": 26.470588235294116,
        "percent_branches_covered_display": "26"
      },
      "missing_lines": [
        87, 89, 90, 91, 92, 93, 94, 96, 144, 216, 219, 224, 227, 232, 235, 236, 243, 244, 253, 254,
        261, 262, 270, 287, 291, 307, 310, 316, 317, 318, 326, 343, 346, 349, 351, 352, 355, 358,
        359, 368, 371, 372, 381, 384, 385, 393, 409, 412, 415, 418, 419, 428, 429, 430, 431, 443,
        455, 458
      ],
      "excluded_lines": [],
      "executed_branches": [
        [142, 143],
        [142, 152],
        [143, 142],
        [177, 178],
        [177, 181],
        [189, 190],
        [189, 199],
        [190, 189],
        [190, 191]
      ],
      "missing_branches": [
        [143, 144],
        [235, 236],
        [235, 243],
        [243, 244],
        [243, 253],
        [253, 254],
        [253, 261],
        [261, 262],
        [261, 270],
        [316, 317],
        [316, 326],
        [317, 316],
        [317, 318],
        [351, 352],
        [351, 355],
        [358, 359],
        [358, 368],
        [371, 372],
        [371, 381],
        [384, 385],
        [384, 393],
        [418, 419],
        [418, 428],
        [430, 431],
        [430, 443]
      ],
      "functions": {
        "AchievementEngine.__init__": {
          "executed_lines": [73],
          "summary": {
            "covered_lines": 1,
            "num_statements": 1,
            "percent_covered": 100.0,
            "percent_covered_display": "100",
            "missing_lines": 0,
            "excluded_lines": 0,
            "percent_statements_covered": 100.0,
            "percent_statements_covered_display": "100",
            "num_branches": 0,
            "num_partial_branches": 0,
            "covered_branches": 0,
            "missing_branches": 0,
            "percent_branches_covered": 100.0,
            "percent_branches_covered_display": "100"
          },
          "missing_lines": [],
          "excluded_lines": [],
          "start_line": 66,
          "executed_branches": [],
          "missing_branches": []
        },
        "AchievementEngine.check_all_achievements": {
          "executed_lines": [],
          "summary": {
            "covered_lines": 0,
            "num_statements": 8,
            "percent_covered": 0.0,
            "percent_covered_display": "0",
            "missing_lines": 8,
            "excluded_lines": 0,
            "percent_statements_covered": 0.0,
            "percent_statements_covered_display": "0",
            "num_branches": 0,
            "num_partial_branches": 0,
            "covered_branches": 0,
            "missing_branches": 0,
            "percent_branches_covered": 100.0,
            "percent_branches_covered_display": "100"
          },
          "missing_lines": [87, 89, 90, 91, 92, 93, 94, 96],
          "excluded_lines": [],
          "start_line": 75,
          "executed_branches": [],
          "missing_branches": []
        },
        "AchievementEngine.check_milestone_achievements": {
          "executed_lines": [113, 116, 130, 133, 142, 143, 152],
          "summary": {
            "covered_lines": 7,
            "num_statements": 8,
            "percent_covered": 83.33333333333333,
            "percent_covered_display": "83",
            "missing_lines": 1,
            "excluded_lines": 0,
            "percent_statements_covered": 87.5,
            "percent_statements_covered_display": "88",
            "num_branches": 4,
            "num_partial_branches": 1,
            "covered_branches": 3,
            "missing_branches": 1,
            "percent_branches_covered": 75.0,
            "percent_branches_covered_display": "75"
          },
          "missing_lines": [144],
          "excluded_lines": [],
          "start_line": 98,
          "executed_branches": [
            [142, 143],
            [142, 152],
            [143, 142]
          ],
          "missing_branches": [[143, 144]]
        },
        "AchievementEngine.check_streak_achievements": {
          "executed_lines": [169, 172, 175, 177, 178, 181, 189, 190, 191, 199],
          "summary": {
            "covered_lines": 10,
            "num_statements": 10,
            "percent_covered": 100.0,
            "percent_covered_display": "100",
            "missing_lines": 0,
            "excluded_lines": 0,
            "percent_statements_covered": 100.0,
            "percent_statements_covered_display": "100",
            "num_branches": 6,
            "num_partial_branches": 0,
            "covered_branches": 6,
            "missing_branches": 0,
            "percent_branches_covered": 100.0,
            "percent_branches_covered_display": "100"
          },
          "missing_lines": [],
          "excluded_lines": [],
          "start_line": 154,
          "executed_branches": [
            [177, 178],
            [177, 181],
            [189, 190],
            [189, 199],
            [190, 189],
            [190, 191]
          ],
          "missing_branches": []
        },
        "AchievementEngine.check_diversity_achievements": {
          "executed_lines": [],
          "summary": {
            "covered_lines": 0,
            "num_statements": 14,
            "percent_covered": 0.0,
            "percent_covered_display": "0",
            "missing_lines": 14,
            "excluded_lines": 0,
            "percent_statements_covered": 0.0,
            "percent_statements_covered_display": "0",
            "num_branches": 8,
            "num_partial_branches": 0,
            "covered_branches": 0,
            "missing_branches": 8,
            "percent_branches_covered": 0.0,
            "percent_branches_covered_display": "0"
          },
          "missing_lines": [216, 219, 224, 227, 232, 235, 236, 243, 244, 253, 254, 261, 262, 270],
          "excluded_lines": [],
          "start_line": 201,
          "executed_branches": [],
          "missing_branches": [
            [235, 236],
            [235, 243],
            [243, 244],
            [243, 253],
            [253, 254],
            [253, 261],
            [261, 262],
            [261, 270]
          ]
        },
        "AchievementEngine.check_efficiency_achievements": {
          "executed_lines": [],
          "summary": {
            "covered_lines": 0,
            "num_statements": 8,
            "percent_covered": 0.0,
            "percent_covered_display": "0",
            "missing_lines": 8,
            "excluded_lines": 0,
            "percent_statements_covered": 0.0,
            "percent_statements_covered_display": "0",
            "num_branches": 4,
            "num_partial_branches": 0,
            "covered_branches": 0,
            "missing_branches": 4,
            "percent_branches_covered": 0.0,
            "percent_branches_covered_display": "0"
          },
          "missing_lines": [287, 291, 307, 310, 316, 317, 318, 326],
          "excluded_lines": [],
          "start_line": 272,
          "executed_branches": [],
          "missing_branches": [
            [316, 317],
            [316, 326],
            [317, 316],
            [317, 318]
          ]
        },
        "AchievementEngine.check_time_achievements": {
          "executed_lines": [],
          "summary": {
            "covered_lines": 0,
            "num_statements": 15,
            "percent_covered": 0.0,
            "percent_covered_display": "0",
            "missing_lines": 15,
            "excluded_lines": 0,
            "percent_statements_covered": 0.0,
            "percent_statements_covered_display": "0",
            "num_branches": 8,
            "num_partial_branches": 0,
            "covered_branches": 0,
            "missing_branches": 8,
            "percent_branches_covered": 0.0,
            "percent_branches_covered_display": "0"
          },
          "missing_lines": [
            343, 346, 349, 351, 352, 355, 358, 359, 368, 371, 372, 381, 384, 385, 393
          ],
          "excluded_lines": [],
          "start_line": 328,
          "executed_branches": [],
          "missing_branches": [
            [351, 352],
            [351, 355],
            [358, 359],
            [358, 368],
            [371, 372],
            [371, 381],
            [384, 385],
            [384, 393]
          ]
        },
        "AchievementEngine.check_special_achievements": {
          "executed_lines": [],
          "summary": {
            "covered_lines": 0,
            "num_statements": 10,
            "percent_covered": 0.0,
            "percent_covered_display": "0",
            "missing_lines": 10,
            "excluded_lines": 0,
            "percent_statements_covered": 0.0,
            "percent_statements_covered_display": "0",
            "num_branches": 4,
            "num_partial_branches": 0,
            "covered_branches": 0,
            "missing_branches": 4,
            "percent_branches_covered": 0.0,
            "percent_branches_covered_display": "0"
          },
          "missing_lines": [409, 412, 415, 418, 419, 428, 429, 430, 431, 443],
          "excluded_lines": [],
          "start_line": 395,
          "executed_branches": [],
          "missing_branches": [
            [418, 419],
            [418, 428],
            [430, 431],
            [430, 443]
          ]
        },
        "AchievementEngine.get_achievement_by_name": {
          "executed_lines": [],
          "summary": {
            "covered_lines": 0,
            "num_statements": 2,
            "percent_covered": 0.0,
            "percent_covered_display": "0",
            "missing_lines": 2,
            "excluded_lines": 0,
            "percent_statements_covered": 0.0,
            "percent_statements_covered_display": "0",
            "num_branches": 0,
            "num_partial_branches": 0,
            "covered_branches": 0,
            "missing_branches": 0,
            "percent_branches_covered": 100.0,
            "percent_branches_covered_display": "100"
          },
          "missing_lines": [455, 458],
          "excluded_lines": [],
          "start_line": 445,
          "executed_branches": [],
          "missing_branches": []
        },
        "": {
          "executed_lines": [
            3, 4, 6, 7, 9, 10, 11, 12, 16, 19, 20, 21, 22, 23, 24, 28, 31, 32, 33, 34, 35, 39, 42,
            43, 44, 45, 46, 49, 50, 53, 54, 55, 58, 66, 75, 98, 154, 201, 272, 328, 395, 445
          ],
          "summary": {
            "covered_lines": 42,
            "num_statements": 42,
            "percent_covered": 100.0,
            "percent_covered_display": "100",
            "missing_lines": 0,
            "excluded_lines": 0,
            "percent_statements_covered": 100.0,
            "percent_statements_covered_display": "100",
            "num_branches": 0,
            "num_partial_branches": 0,
            "covered_branches": 0,
            "missing_branches": 0,
            "percent_branches_covered": 100.0,
            "percent_branches_covered_display": "100"
          },
          "missing_lines": [],
          "excluded_lines": [],
          "start_line": 1,
          "executed_branches": [],
          "missing_branches": []
        }
      },
      "classes": {
        "AchievementCategory": {
          "executed_lines": [],
          "summary": {
            "covered_lines": 0,
            "num_statements": 0,
            "percent_covered": 100.0,
            "percent_covered_display": "100",
            "missing_lines": 0,
            "excluded_lines": 0,
            "percent_statements_covered": 100.0,
            "percent_statements_covered_display": "100",
            "num_branches": 0,
            "num_partial_branches": 0,
            "covered_branches": 0,
            "missing_branches": 0,
            "percent_branches_covered": 100.0,
            "percent_branches_covered_display": "100"
          },
          "missing_lines": [],
          "excluded_lines": [],
          "start_line": 16,
          "executed_branches": [],
          "missing_branches": []
        },
        "AchievementRarity": {
          "executed_lines": [],
          "summary": {
            "covered_lines": 0,
            "num_statements": 0,
            "percent_covered": 100.0,
            "percent_covered_display": "100",
            "missing_lines": 0,
            "excluded_lines": 0,
            "percent_statements_covered": 100.0,
            "percent_statements_covered_display": "100",
            "num_branches": 0,
            "num_partial_branches": 0,
            "covered_branches": 0,
            "missing_branches": 0,
            "percent_branches_covered": 100.0,
            "percent_branches_covered_display": "100"
          },
          "missing_lines": [],
          "excluded_lines": [],
          "start_line": 28,
          "executed_branches": [],
          "missing_branches": []
        },
        "AchievementTier": {
          "executed_lines": [],
          "summary": {
            "covered_lines": 0,
            "num_statements": 0,
            "percent_covered": 100.0,
            "percent_covered_display": "100",
            "missing_lines": 0,
            "excluded_lines": 0,
            "percent_statements_covered": 100.0,
            "percent_statements_covered_display": "100",
            "num_branches": 0,
            "num_partial_branches": 0,
            "covered_branches": 0,
            "missing_branches": 0,
            "percent_branches_covered": 100.0,
            "percent_branches_covered_display": "100"
          },
          "missing_lines": [],
          "excluded_lines": [],
          "start_line": 39,
          "executed_branches": [],
          "missing_branches": []
        },
        "AchievementUnlock": {
          "executed_lines": [],
          "summary": {
            "covered_lines": 0,
            "num_statements": 0,
            "percent_covered": 100.0,
            "percent_covered_display": "100",
            "missing_lines": 0,
            "excluded_lines": 0,
            "percent_statements_covered": 100.0,
            "percent_statements_covered_display": "100",
            "num_branches": 0,
            "num_partial_branches": 0,
            "covered_branches": 0,
            "missing_branches": 0,
            "percent_branches_covered": 100.0,
            "percent_branches_covered_display": "100"
          },
          "missing_lines": [],
          "excluded_lines": [],
          "start_line": 50,
          "executed_branches": [],
          "missing_branches": []
        },
        "AchievementEngine": {
          "executed_lines": [
            73, 113, 116, 130, 133, 142, 143, 152, 169, 172, 175, 177, 178, 181, 189, 190, 191, 199
          ],
          "summary": {
            "covered_lines": 18,
            "num_statements": 76,
            "percent_covered": 24.545454545454547,
            "percent_covered_display": "25",
            "missing_lines": 58,
            "excluded_lines": 0,
            "percent_statements_covered": 23.68421052631579,
            "percent_statements_covered_display": "24",
            "num_branches": 34,
            "num_partial_branches": 1,
            "covered_branches": 9,
            "missing_branches": 25,
            "percent_branches_covered": 26.470588235294116,
            "percent_branches_covered_display": "26"
          },
          "missing_lines": [
            87, 89, 90, 91, 92, 93, 94, 96, 144, 216, 219, 224, 227, 232, 235, 236, 243, 244, 253,
            254, 261, 262, 270, 287, 291, 307, 310, 316, 317, 318, 326, 343, 346, 349, 351, 352,
            355, 358, 359, 368, 371, 372, 381, 384, 385, 393, 409, 412, 415, 418, 419, 428, 429,
            430, 431, 443, 455, 458
          ],
          "excluded_lines": [],
          "start_line": 58,
          "executed_branches": [
            [142, 143],
            [142, 152],
            [143, 142],
            [177, 178],
            [177, 181],
            [189, 190],
            [189, 199],
            [190, 189],
            [190, 191]
          ],
          "missing_branches": [
            [143, 144],
            [235, 236],
            [235, 243],
            [243, 244],
            [243, 253],
            [253, 254],
            [253, 261],
            [261, 262],
            [261, 270],
            [316, 317],
            [316, 326],
            [317, 316],
            [317, 318],
            [351, 352],
            [351, 355],
            [358, 359],
            [358, 368],
            [371, 372],
            [371, 381],
            [384, 385],
            [384, 393],
            [418, 419],
            [418, 428],
            [430, 431],
            [430, 443]
          ]
        },
        "": {
          "executed_lines": [
            3, 4, 6, 7, 9, 10, 11, 12, 16, 19, 20, 21, 22, 23, 24, 28, 31, 32, 33, 34, 35, 39, 42,
            43, 44, 45, 46, 49, 50, 53, 54, 55, 58, 66, 75, 98, 154, 201, 272, 328, 395, 445
          ],
          "summary": {
            "covered_lines": 42,
            "num_statements": 42,
            "percent_covered": 100.0,
            "percent_covered_display": "100",
            "missing_lines": 0,
            "excluded_lines": 0,
            "percent_statements_covered": 100.0,
            "percent_statements_covered_display": "100",
            "num_branches": 0,
            "num_partial_branches": 0,
            "covered_branches": 0,
            "missing_branches": 0,
            "percent_branches_covered": 100.0,
            "percent_branches_covered_display": "100"
          },
          "missing_lines": [],
          "excluded_lines": [],
          "start_line": 1,
          "executed_branches": [],
          "missing_branches": []
        }
      }
    },
    "src/app/achievement/models.py": {
      "executed_lines": [
        3, 4, 5, 7, 16, 18, 24, 32, 35, 36, 37, 40, 45, 46, 47, 59, 67, 70, 75, 82, 85, 88, 91, 96,
        97, 100
      ],
      "summary": {
        "covered_lines": 26,
        "num_statements": 26,
        "percent_covered": 100.0,
        "percent_covered_display": "100",
        "missing_lines": 0,
        "excluded_lines": 14,
        "percent_statements_covered": 100.0,
        "percent_statements_covered_display": "100",
        "num_branches": 0,
        "num_partial_branches": 0,
        "covered_branches": 0,
        "missing_branches": 0,
        "percent_branches_covered": 100.0,
        "percent_branches_covered_display": "100"
      },
      "missing_lines": [],
      "excluded_lines": [20, 21, 51, 52, 53, 54, 55, 56, 110, 111, 112, 113, 114, 115],
      "executed_branches": [],
      "missing_branches": [],
      "functions": {
        "Achievement.__repr__": {
          "executed_lines": [],
          "summary": {
            "covered_lines": 0,
            "num_statements": 0,
            "percent_covered": 100.0,
            "percent_covered_display": "100",
            "missing_lines": 0,
            "excluded_lines": 5,
            "percent_statements_covered": 100.0,
            "percent_statements_covered_display": "100",
            "num_branches": 0,
            "num_partial_branches": 0,
            "covered_branches": 0,
            "missing_branches": 0,
            "percent_branches_covered": 100.0,
            "percent_branches_covered_display": "100"
          },
          "missing_lines": [],
          "excluded_lines": [52, 53, 54, 55, 56],
          "start_line": 51,
          "executed_branches": [],
          "missing_branches": []
        },
        "UserAchievement.__repr__": {
          "executed_lines": [],
          "summary": {
            "covered_lines": 0,
            "num_statements": 0,
            "percent_covered": 100.0,
            "percent_covered_display": "100",
            "missing_lines": 0,
            "excluded_lines": 5,
            "percent_statements_covered": 100.0,
            "percent_statements_covered_display": "100",
            "num_branches": 0,
            "num_partial_branches": 0,
            "covered_branches": 0,
            "missing_branches": 0,
            "percent_branches_covered": 100.0,
            "percent_branches_covered_display": "100"
          },
          "missing_lines": [],
          "excluded_lines": [111, 112, 113, 114, 115],
          "start_line": 110,
          "executed_branches": [],
          "missing_branches": []
        },
        "": {
          "executed_lines": [
            3, 4, 5, 7, 16, 18, 24, 32, 35, 36, 37, 40, 45, 46, 47, 59, 67, 70, 75, 82, 85, 88, 91,
            96, 97, 100
          ],
          "summary": {
            "covered_lines": 26,
            "num_statements": 26,
            "percent_covered": 100.0,
            "percent_covered_display": "100",
            "missing_lines": 0,
            "excluded_lines": 4,
            "percent_statements_covered": 100.0,
            "percent_statements_covered_display": "100",
            "num_branches": 0,
            "num_partial_branches": 0,
            "covered_branches": 0,
            "missing_branches": 0,
            "percent_branches_covered": 100.0,
            "percent_branches_covered_display": "100"
          },
          "missing_lines": [],
          "excluded_lines": [20, 21, 51, 110],
          "start_line": 1,
          "executed_branches": [],
          "missing_branches": []
        }
      },
      "classes": {
        "Achievement": {
          "executed_lines": [],
          "summary": {
            "covered_lines": 0,
            "num_statements": 0,
            "percent_covered": 100.0,
            "percent_covered_display": "100",
            "missing_lines": 0,
            "excluded_lines": 5,
            "percent_statements_covered": 100.0,
            "percent_statements_covered_display": "100",
            "num_branches": 0,
            "num_partial_branches": 0,
            "covered_branches": 0,
            "missing_branches": 0,
            "percent_branches_covered": 100.0,
            "percent_branches_covered_display": "100"
          },
          "missing_lines": [],
          "excluded_lines": [52, 53, 54, 55, 56],
          "start_line": 24,
          "executed_branches": [],
          "missing_branches": []
        },
        "UserAchievement": {
          "executed_lines": [],
          "summary": {
            "covered_lines": 0,
            "num_statements": 0,
            "percent_covered": 100.0,
            "percent_covered_display": "100",
            "missing_lines": 0,
            "excluded_lines": 5,
            "percent_statements_covered": 100.0,
            "percent_statements_covered_display": "100",
            "num_branches": 0,
            "num_partial_branches": 0,
            "covered_branches": 0,
            "missing_branches": 0,
            "percent_branches_covered": 100.0,
            "percent_branches_covered_display": "100"
          },
          "missing_lines": [],
          "excluded_lines": [111, 112, 113, 114, 115],
          "start_line": 59,
          "executed_branches": [],
          "missing_branches": []
        },
        "": {
          "executed_lines": [
            3, 4, 5, 7, 16, 18, 24, 32, 35, 36, 37, 40, 45, 46, 47, 59, 67, 70, 75, 82, 85, 88, 91,
            96, 97, 100
          ],
          "summary": {
            "covered_lines": 26,
            "num_statements": 26,
            "percent_covered": 100.0,
            "percent_covered_display": "100",
            "missing_lines": 0,
            "excluded_lines": 4,
            "percent_statements_covered": 100.0,
            "percent_statements_covered_display": "100",
            "num_branches": 0,
            "num_partial_branches": 0,
            "covered_branches": 0,
            "missing_branches": 0,
            "percent_branches_covered": 100.0,
            "percent_branches_covered_display": "100"
          },
          "missing_lines": [],
          "excluded_lines": [20, 21, 51, 110],
          "start_line": 1,
          "executed_branches": [],
          "missing_branches": []
        }
      }
    },
    "src/app/achievement/repository.py": {
      "executed_lines": [
        3, 4, 6, 7, 9, 10, 16, 19, 24, 30, 32, 38, 39, 42, 53, 61, 73, 78, 86, 105, 124, 143
      ],
      "summary": {
        "covered_lines": 22,
        "num_statements": 39,
        "percent_covered": 56.41025641025641,
        "percent_covered_display": "56",
        "missing_lines": 17,
        "excluded_lines": 0,
        "percent_statements_covered": 56.41025641025641,
        "percent_statements_covered_display": "56",
        "num_branches": 0,
        "num_partial_branches": 0,
        "covered_branches": 0,
        "missing_branches": 0,
        "percent_branches_covered": 100.0,
        "percent_branches_covered_display": "100"
      },
      "missing_lines": [
        40, 51, 59, 70, 84, 97, 102, 103, 117, 121, 122, 133, 140, 141, 150, 155, 156
      ],
      "excluded_lines": [],
      "executed_branches": [],
      "missing_branches": [],
      "functions": {
        "AchievementRepository.__init__": {
          "executed_lines": [30],
          "summary": {
            "covered_lines": 1,
            "num_statements": 1,
            "percent_covered": 100.0,
            "percent_covered_display": "100",
            "missing_lines": 0,
            "excluded_lines": 0,
            "percent_statements_covered": 100.0,
            "percent_statements_covered_display": "100",
            "num_branches": 0,
            "num_partial_branches": 0,
            "covered_branches": 0,
            "missing_branches": 0,
            "percent_branches_covered": 100.0,
            "percent_branches_covered_display": "100"
          },
          "missing_lines": [],
          "excluded_lines": [],
          "start_line": 24,
          "executed_branches": [],
          "missing_branches": []
        },
        "AchievementRepository.get_all_definitions": {
          "executed_lines": [38, 39],
          "summary": {
            "covered_lines": 2,
            "num_statements": 3,
            "percent_covered": 66.66666666666667,
            "percent_covered_display": "67",
            "missing_lines": 1,
            "excluded_lines": 0,
            "percent_statements_covered": 66.66666666666667,
            "percent_statements_covered_display": "67",
            "num_branches": 0,
            "num_partial_branches": 0,
            "covered_branches": 0,
            "missing_branches": 0,
            "percent_branches_covered": 100.0,
            "percent_branches_covered_display": "100"
          },
          "missing_lines": [40],
          "excluded_lines": [],
          "start_line": 32,
          "executed_branches": [],
          "missing_branches": []
        },
        "AchievementRepository.get_by_category": {
          "executed_lines": [],
          "summary": {
            "covered_lines": 0,
            "num_statements": 1,
            "percent_covered": 0.0,
            "percent_covered_display": "0",
            "missing_lines": 1,
            "excluded_lines": 0,
            "percent_statements_covered": 0.0,
            "percent_statements_covered_display": "0",
            "num_branches": 0,
            "num_partial_branches": 0,
            "covered_branches": 0,
            "missing_branches": 0,
            "percent_branches_covered": 100.0,
            "percent_branches_covered_display": "100"
          },
          "missing_lines": [51],
          "excluded_lines": [],
          "start_line": 42,
          "executed_branches": [],
          "missing_branches": []
        },
        "AchievementRepository.get_hidden": {
          "executed_lines": [],
          "summary": {
            "covered_lines": 0,
            "num_statements": 1,
            "percent_covered": 0.0,
            "percent_covered_display": "0",
            "missing_lines": 1,
            "excluded_lines": 0,
            "percent_statements_covered": 0.0,
            "percent_statements_covered_display": "0",
            "num_branches": 0,
            "num_partial_branches": 0,
            "covered_branches": 0,
            "missing_branches": 0,
            "percent_branches_covered": 100.0,
            "percent_branches_covered_display": "100"
          },
          "missing_lines": [59],
          "excluded_lines": [],
          "start_line": 53,
          "executed_branches": [],
          "missing_branches": []
        },
        "AchievementRepository.get_by_rarity": {
          "executed_lines": [],
          "summary": {
            "covered_lines": 0,
            "num_statements": 1,
            "percent_covered": 0.0,
            "percent_covered_display": "0",
            "missing_lines": 1,
            "excluded_lines": 0,
            "percent_statements_covered": 0.0,
            "percent_statements_covered_display": "0",
            "num_branches": 0,
            "num_partial_branches": 0,
            "covered_branches": 0,
            "missing_branches": 0,
            "percent_branches_covered": 100.0,
            "percent_branches_covered_display": "100"
          },
          "missing_lines": [70],
          "excluded_lines": [],
          "start_line": 61,
          "executed_branches": [],
          "missing_branches": []
        },
        "UserAchievementRepository.__init__": {
          "executed_lines": [],
          "summary": {
            "covered_lines": 0,
            "num_statements": 1,
            "percent_covered": 0.0,
            "percent_covered_display": "0",
            "missing_lines": 1,
            "excluded_lines": 0,
            "percent_statements_covered": 0.0,
            "percent_statements_covered_display": "0",
            "num_branches": 0,
            "num_partial_branches": 0,
            "covered_branches": 0,
            "missing_branches": 0,
            "percent_branches_covered": 100.0,
            "percent_branches_covered_display": "100"
          },
          "missing_lines": [84],
          "excluded_lines": [],
          "start_line": 78,
          "executed_branches": [],
          "missing_branches": []
        },
        "UserAchievementRepository.get_user_achievements": {
          "executed_lines": [],
          "summary": {
            "covered_lines": 0,
            "num_statements": 3,
            "percent_covered": 0.0,
            "percent_covered_display": "0",
            "missing_lines": 3,
            "excluded_lines": 0,
            "percent_statements_covered": 0.0,
            "percent_statements_covered_display": "0",
            "num_branches": 0,
            "num_partial_branches": 0,
            "covered_branches": 0,
            "missing_branches": 0,
            "percent_branches_covered": 100.0,
            "percent_branches_covered_display": "100"
          },
          "missing_lines": [97, 102, 103],
          "excluded_lines": [],
          "start_line": 86,
          "executed_branches": [],
          "missing_branches": []
        },
        "UserAchievementRepository.get_unlocked": {
          "executed_lines": [],
          "summary": {
            "covered_lines": 0,
            "num_statements": 3,
            "percent_covered": 0.0,
            "percent_covered_display": "0",
            "missing_lines": 3,
            "excluded_lines": 0,
            "percent_statements_covered": 0.0,
            "percent_statements_covered_display": "0",
            "num_branches": 0,
            "num_partial_branches": 0,
            "covered_branches": 0,
            "missing_branches": 0,
            "percent_branches_covered": 100.0,
            "percent_branches_covered_display": "100"
          },
          "missing_lines": [117, 121, 122],
          "excluded_lines": [],
          "start_line": 105,
          "executed_branches": [],
          "missing_branches": []
        },
        "UserAchievementRepository.get_pinned": {
          "executed_lines": [],
          "summary": {
            "covered_lines": 0,
            "num_statements": 3,
            "percent_covered": 0.0,
            "percent_covered_display": "0",
            "missing_lines": 3,
            "excluded_lines": 0,
            "percent_statements_covered": 0.0,
            "percent_statements_covered_display": "0",
            "num_branches": 0,
            "num_partial_branches": 0,
            "covered_branches": 0,
            "missing_branches": 0,
            "percent_branches_covered": 100.0,
            "percent_branches_covered_display": "100"
          },
          "missing_lines": [133, 140, 141],
          "excluded_lines": [],
          "start_line": 124,
          "executed_branches": [],
          "missing_branches": []
        },
        "UserAchievementRepository.advance_tier": {
          "executed_lines": [],
          "summary": {
            "covered_lines": 0,
            "num_statements": 3,
            "percent_covered": 0.0,
            "percent_covered_display": "0",
            "missing_lines": 3,
            "excluded_lines": 0,
            "percent_statements_covered": 0.0,
            "percent_statements_covered_display": "0",
            "num_branches": 0,
            "num_partial_branches": 0,
            "covered_branches": 0,
            "missing_branches": 0,
            "percent_branches_covered": 100.0,
            "percent_branches_covered_display": "100"
          },
          "missing_lines": [150, 155, 156],
          "excluded_lines": [],
          "start_line": 143,
          "executed_branches": [],
          "missing_branches": []
        },
        "": {
          "executed_lines": [
            3, 4, 6, 7, 9, 10, 16, 19, 24, 32, 42, 53, 61, 73, 78, 86, 105, 124, 143
          ],
          "summary": {
            "covered_lines": 19,
            "num_statements": 19,
            "percent_covered": 100.0,
            "percent_covered_display": "100",
            "missing_lines": 0,
            "excluded_lines": 0,
            "percent_statements_covered": 100.0,
            "percent_statements_covered_display": "100",
            "num_branches": 0,
            "num_partial_branches": 0,
            "covered_branches": 0,
            "missing_branches": 0,
            "percent_branches_covered": 100.0,
            "percent_branches_covered_display": "100"
          },
          "missing_lines": [],
          "excluded_lines": [],
          "start_line": 1,
          "executed_branches": [],
          "missing_branches": []
        }
      },
      "classes": {
        "AchievementRepository": {
          "executed_lines": [30, 38, 39],
          "summary": {
            "covered_lines": 3,
            "num_statements": 7,
            "percent_covered": 42.857142857142854,
            "percent_covered_display": "43",
            "missing_lines": 4,
            "excluded_lines": 0,
            "percent_statements_covered": 42.857142857142854,
            "percent_statements_covered_display": "43",
            "num_branches": 0,
            "num_partial_branches": 0,
            "covered_branches": 0,
            "missing_branches": 0,
            "percent_branches_covered": 100.0,
            "percent_branches_covered_display": "100"
          },
          "missing_lines": [40, 51, 59, 70],
          "excluded_lines": [],
          "start_line": 19,
          "executed_branches": [],
          "missing_branches": []
        },
        "UserAchievementRepository": {
          "executed_lines": [],
          "summary": {
            "covered_lines": 0,
            "num_statements": 13,
            "percent_covered": 0.0,
            "percent_covered_display": "0",
            "missing_lines": 13,
            "excluded_lines": 0,
            "percent_statements_covered": 0.0,
            "percent_statements_covered_display": "0",
            "num_branches": 0,
            "num_partial_branches": 0,
            "covered_branches": 0,
            "missing_branches": 0,
            "percent_branches_covered": 100.0,
            "percent_branches_covered_display": "100"
          },
          "missing_lines": [84, 97, 102, 103, 117, 121, 122, 133, 140, 141, 150, 155, 156],
          "excluded_lines": [],
          "start_line": 73,
          "executed_branches": [],
          "missing_branches": []
        },
        "": {
          "executed_lines": [
            3, 4, 6, 7, 9, 10, 16, 19, 24, 32, 42, 53, 61, 73, 78, 86, 105, 124, 143
          ],
          "summary": {
            "covered_lines": 19,
            "num_statements": 19,
            "percent_covered": 100.0,
            "percent_covered_display": "100",
            "missing_lines": 0,
            "excluded_lines": 0,
            "percent_statements_covered": 100.0,
            "percent_statements_covered_display": "100",
            "num_branches": 0,
            "num_partial_branches": 0,
            "covered_branches": 0,
            "missing_branches": 0,
            "percent_branches_covered": 100.0,
            "percent_branches_covered_display": "100"
          },
          "missing_lines": [],
          "excluded_lines": [],
          "start_line": 1,
          "executed_branches": [],
          "missing_branches": []
        }
      }
    },
    "src/app/achievement/router.py": {
      "executed_lines": [3, 5, 7, 8, 9, 10, 12, 15, 21, 39],
      "summary": {
        "covered_lines": 10,
        "num_statements": 10,
        "percent_covered": 100.0,
        "percent_covered_display": "100",
        "missing_lines": 0,
        "excluded_lines": 0,
        "percent_statements_covered": 100.0,
        "percent_statements_covered_display": "100",
        "num_branches": 0,
        "num_partial_branches": 0,
        "covered_branches": 0,
        "missing_branches": 0,
        "percent_branches_covered": 100.0,
        "percent_branches_covered_display": "100"
      },
      "missing_lines": [],
      "excluded_lines": [],
      "executed_branches": [],
      "missing_branches": [],
      "functions": {
        "list_achievement_definitions": {
          "executed_lines": [39],
          "summary": {
            "covered_lines": 1,
            "num_statements": 1,
            "percent_covered": 100.0,
            "percent_covered_display": "100",
            "missing_lines": 0,
            "excluded_lines": 0,
            "percent_statements_covered": 100.0,
            "percent_statements_covered_display": "100",
            "num_branches": 0,
            "num_partial_branches": 0,
            "covered_branches": 0,
            "missing_branches": 0,
            "percent_branches_covered": 100.0,
            "percent_branches_covered_display": "100"
          },
          "missing_lines": [],
          "excluded_lines": [],
          "start_line": 21,
          "executed_branches": [],
          "missing_branches": []
        },
        "": {
          "executed_lines": [3, 5, 7, 8, 9, 10, 12, 15, 21],
          "summary": {
            "covered_lines": 9,
            "num_statements": 9,
            "percent_covered": 100.0,
            "percent_covered_display": "100",
            "missing_lines": 0,
            "excluded_lines": 0,
            "percent_statements_covered": 100.0,
            "percent_statements_covered_display": "100",
            "num_branches": 0,
            "num_partial_branches": 0,
            "covered_branches": 0,
            "missing_branches": 0,
            "percent_branches_covered": 100.0,
            "percent_branches_covered_display": "100"
          },
          "missing_lines": [],
          "excluded_lines": [],
          "start_line": 1,
          "executed_branches": [],
          "missing_branches": []
        }
      },
      "classes": {
        "": {
          "executed_lines": [3, 5, 7, 8, 9, 10, 12, 15, 21, 39],
          "summary": {
            "covered_lines": 10,
            "num_statements": 10,
            "percent_covered": 100.0,
            "percent_covered_display": "100",
            "missing_lines": 0,
            "excluded_lines": 0,
            "percent_statements_covered": 100.0,
            "percent_statements_covered_display": "100",
            "num_branches": 0,
            "num_partial_branches": 0,
            "covered_branches": 0,
            "missing_branches": 0,
            "percent_branches_covered": 100.0,
            "percent_branches_covered_display": "100"
          },
          "missing_lines": [],
          "excluded_lines": [],
          "start_line": 1,
          "executed_branches": [],
          "missing_branches": []
        }
      }
    },
    "src/app/achievement/schemas.py": {
      "executed_lines": [
        3, 4, 6, 8, 11, 18, 19, 20, 25, 30, 31, 34, 39, 47, 48, 49, 50, 53, 56, 57, 60, 68, 69, 70,
        71, 72, 73, 74, 77, 80, 88, 89, 90, 91, 92, 93, 96, 97, 102, 103, 108, 115, 116, 117, 118,
        119, 120, 121, 124, 131, 132, 133, 134, 135, 136, 137, 140, 147, 148, 149, 150, 151, 154,
        161, 162, 163
      ],
      "summary": {
        "covered_lines": 66,
        "num_statements": 66,
        "percent_covered": 100.0,
        "percent_covered_display": "100",
        "missing_lines": 0,
        "excluded_lines": 0,
        "percent_statements_covered": 100.0,
        "percent_statements_covered_display": "100",
        "num_branches": 0,
        "num_partial_branches": 0,
        "covered_branches": 0,
        "missing_branches": 0,
        "percent_branches_covered": 100.0,
        "percent_branches_covered_display": "100"
      },
      "missing_lines": [],
      "excluded_lines": [],
      "executed_branches": [],
      "missing_branches": [],
      "functions": {
        "": {
          "executed_lines": [
            3, 4, 6, 8, 11, 18, 19, 20, 25, 30, 31, 34, 39, 47, 48, 49, 50, 53, 56, 57, 60, 68, 69,
            70, 71, 72, 73, 74, 77, 80, 88, 89, 90, 91, 92, 93, 96, 97, 102, 103, 108, 115, 116,
            117, 118, 119, 120, 121, 124, 131, 132, 133, 134, 135, 136, 137, 140, 147, 148, 149,
            150, 151, 154, 161, 162, 163
          ],
          "summary": {
            "covered_lines": 66,
            "num_statements": 66,
            "percent_covered": 100.0,
            "percent_covered_display": "100",
            "missing_lines": 0,
            "excluded_lines": 0,
            "percent_statements_covered": 100.0,
            "percent_statements_covered_display": "100",
            "num_branches": 0,
            "num_partial_branches": 0,
            "covered_branches": 0,
            "missing_branches": 0,
            "percent_branches_covered": 100.0,
            "percent_branches_covered_display": "100"
          },
          "missing_lines": [],
          "excluded_lines": [],
          "start_line": 1,
          "executed_branches": [],
          "missing_branches": []
        }
      },
      "classes": {
        "AchievementResponse": {
          "executed_lines": [],
          "summary": {
            "covered_lines": 0,
            "num_statements": 0,
            "percent_covered": 100.0,
            "percent_covered_display": "100",
            "missing_lines": 0,
            "excluded_lines": 0,
            "percent_statements_covered": 100.0,
            "percent_statements_covered_display": "100",
            "num_branches": 0,
            "num_partial_branches": 0,
            "covered_branches": 0,
            "missing_branches": 0,
            "percent_branches_covered": 100.0,
            "percent_branches_covered_display": "100"
          },
          "missing_lines": [],
          "excluded_lines": [],
          "start_line": 11,
          "executed_branches": [],
          "missing_branches": []
        },
        "UserAchievementResponse": {
          "executed_lines": [],
          "summary": {
            "covered_lines": 0,
            "num_statements": 0,
            "percent_covered": 100.0,
            "percent_covered_display": "100",
            "missing_lines": 0,
            "excluded_lines": 0,
            "percent_statements_covered": 100.0,
            "percent_statements_covered_display": "100",
            "num_branches": 0,
            "num_partial_branches": 0,
            "covered_branches": 0,
            "missing_branches": 0,
            "percent_branches_covered": 100.0,
            "percent_branches_covered_display": "100"
          },
          "missing_lines": [],
          "excluded_lines": [],
          "start_line": 39,
          "executed_branches": [],
          "missing_branches": []
        },
        "AchievementUnlockResponse": {
          "executed_lines": [],
          "summary": {
            "covered_lines": 0,
            "num_statements": 0,
            "percent_covered": 100.0,
            "percent_covered_display": "100",
            "missing_lines": 0,
            "excluded_lines": 0,
            "percent_statements_covered": 100.0,
            "percent_statements_covered_display": "100",
            "num_branches": 0,
            "num_partial_branches": 0,
            "covered_branches": 0,
            "missing_branches": 0,
            "percent_branches_covered": 100.0,
            "percent_branches_covered_display": "100"
          },
          "missing_lines": [],
          "excluded_lines": [],
          "start_line": 60,
          "executed_branches": [],
          "missing_branches": []
        },
        "AchievementProgressResponse": {
          "executed_lines": [],
          "summary": {
            "covered_lines": 0,
            "num_statements": 0,
            "percent_covered": 100.0,
            "percent_covered_display": "100",
            "missing_lines": 0,
            "excluded_lines": 0,
            "percent_statements_covered": 100.0,
            "percent_statements_covered_display": "100",
            "num_branches": 0,
            "num_partial_branches": 0,
            "covered_branches": 0,
            "missing_branches": 0,
            "percent_branches_covered": 100.0,
            "percent_branches_covered_display": "100"
          },
          "missing_lines": [],
          "excluded_lines": [],
          "start_line": 80,
          "executed_branches": [],
          "missing_branches": []
        },
        "AchievementCreate": {
          "executed_lines": [],
          "summary": {
            "covered_lines": 0,
            "num_statements": 0,
            "percent_covered": 100.0,
            "percent_covered_display": "100",
            "missing_lines": 0,
            "excluded_lines": 0,
            "percent_statements_covered": 100.0,
            "percent_statements_covered_display": "100",
            "num_branches": 0,
            "num_partial_branches": 0,
            "covered_branches": 0,
            "missing_branches": 0,
            "percent_branches_covered": 100.0,
            "percent_branches_covered_display": "100"
          },
          "missing_lines": [],
          "excluded_lines": [],
          "start_line": 108,
          "executed_branches": [],
          "missing_branches": []
        },
        "AchievementUpdate": {
          "executed_lines": [],
          "summary": {
            "covered_lines": 0,
            "num_statements": 0,
            "percent_covered": 100.0,
            "percent_covered_display": "100",
            "missing_lines": 0,
            "excluded_lines": 0,
            "percent_statements_covered": 100.0,
            "percent_statements_covered_display": "100",
            "num_branches": 0,
            "num_partial_branches": 0,
            "covered_branches": 0,
            "missing_branches": 0,
            "percent_branches_covered": 100.0,
            "percent_branches_covered_display": "100"
          },
          "missing_lines": [],
          "excluded_lines": [],
          "start_line": 124,
          "executed_branches": [],
          "missing_branches": []
        },
        "UserAchievementCreate": {
          "executed_lines": [],
          "summary": {
            "covered_lines": 0,
            "num_statements": 0,
            "percent_covered": 100.0,
            "percent_covered_display": "100",
            "missing_lines": 0,
            "excluded_lines": 0,
            "percent_statements_covered": 100.0,
            "percent_statements_covered_display": "100",
            "num_branches": 0,
            "num_partial_branches": 0,
            "covered_branches": 0,
            "missing_branches": 0,
            "percent_branches_covered": 100.0,
            "percent_branches_covered_display": "100"
          },
          "missing_lines": [],
          "excluded_lines": [],
          "start_line": 140,
          "executed_branches": [],
          "missing_branches": []
        },
        "UserAchievementUpdate": {
          "executed_lines": [],
          "summary": {
            "covered_lines": 0,
            "num_statements": 0,
            "percent_covered": 100.0,
            "percent_covered_display": "100",
            "missing_lines": 0,
            "excluded_lines": 0,
            "percent_statements_covered": 100.0,
            "percent_statements_covered_display": "100",
            "num_branches": 0,
            "num_partial_branches": 0,
            "covered_branches": 0,
            "missing_branches": 0,
            "percent_branches_covered": 100.0,
            "percent_branches_covered_display": "100"
          },
          "missing_lines": [],
          "excluded_lines": [],
          "start_line": 154,
          "executed_branches": [],
          "missing_branches": []
        },
        "": {
          "executed_lines": [
            3, 4, 6, 8, 11, 18, 19, 20, 25, 30, 31, 34, 39, 47, 48, 49, 50, 53, 56, 57, 60, 68, 69,
            70, 71, 72, 73, 74, 77, 80, 88, 89, 90, 91, 92, 93, 96, 97, 102, 103, 108, 115, 116,
            117, 118, 119, 120, 121, 124, 131, 132, 133, 134, 135, 136, 137, 140, 147, 148, 149,
            150, 151, 154, 161, 162, 163
          ],
          "summary": {
            "covered_lines": 66,
            "num_statements": 66,
            "percent_covered": 100.0,
            "percent_covered_display": "100",
            "missing_lines": 0,
            "excluded_lines": 0,
            "percent_statements_covered": 100.0,
            "percent_statements_covered_display": "100",
            "num_branches": 0,
            "num_partial_branches": 0,
            "covered_branches": 0,
            "missing_branches": 0,
            "percent_branches_covered": 100.0,
            "percent_branches_covered_display": "100"
          },
          "missing_lines": [],
          "excluded_lines": [],
          "start_line": 1,
          "executed_branches": [],
          "missing_branches": []
        }
      }
    },
    "src/app/achievement/service.py": {
      "executed_lines": [
        3, 4, 6, 8, 9, 10, 14, 21, 22, 23, 26, 31, 50, 114, 176, 251, 252, 280, 324
      ],
      "summary": {
        "covered_lines": 19,
        "num_statements": 69,
        "percent_covered": 21.839080459770116,
        "percent_covered_display": "22",
        "missing_lines": 50,
        "excluded_lines": 0,
        "percent_statements_covered": 27.536231884057973,
        "percent_statements_covered_display": "28",
        "num_branches": 18,
        "num_partial_branches": 0,
        "covered_branches": 0,
        "missing_branches": 18,
        "percent_branches_covered": 0.0,
        "percent_branches_covered_display": "0"
      },
      "missing_lines": [
        45, 46, 47, 48, 70, 73, 76, 78, 80, 83, 85, 88, 92, 94, 100, 101, 103, 110, 112, 140, 151,
        155, 156, 162, 202, 204, 219, 226, 227, 228, 231, 232, 237, 270, 277, 278, 300, 303, 304,
        311, 316, 317, 322, 341, 344, 345, 352, 357, 358, 363
      ],
      "excluded_lines": [],
      "executed_branches": [],
      "missing_branches": [
        [78, 80],
        [78, 112],
        [83, 85],
        [83, 88],
        [92, 94],
        [92, 101],
        [101, 78],
        [101, 103],
        [202, 204],
        [202, 219],
        [303, 304],
        [303, 311],
        [316, 317],
        [316, 322],
        [344, 345],
        [344, 352],
        [357, 358],
        [357, 363]
      ],
      "functions": {
        "AchievementService.__init__": {
          "executed_lines": [],
          "summary": {
            "covered_lines": 0,
            "num_statements": 4,
            "percent_covered": 0.0,
            "percent_covered_display": "0",
            "missing_lines": 4,
            "excluded_lines": 0,
            "percent_statements_covered": 0.0,
            "percent_statements_covered_display": "0",
            "num_branches": 0,
            "num_partial_branches": 0,
            "covered_branches": 0,
            "missing_branches": 0,
            "percent_branches_covered": 100.0,
            "percent_branches_covered_display": "100"
          },
          "missing_lines": [45, 46, 47, 48],
          "excluded_lines": [],
          "start_line": 31,
          "executed_branches": [],
          "missing_branches": []
        },
        "AchievementService.check_and_unlock_achievements": {
          "executed_lines": [],
          "summary": {
            "covered_lines": 0,
            "num_statements": 15,
            "percent_covered": 0.0,
            "percent_covered_display": "0",
            "missing_lines": 15,
            "excluded_lines": 0,
            "percent_statements_covered": 0.0,
            "percent_statements_covered_display": "0",
            "num_branches": 8,
            "num_partial_branches": 0,
            "covered_branches": 0,
            "missing_branches": 8,
            "percent_branches_covered": 0.0,
            "percent_branches_covered_display": "0"
          },
          "missing_lines": [70, 73, 76, 78, 80, 83, 85, 88, 92, 94, 100, 101, 103, 110, 112],
          "excluded_lines": [],
          "start_line": 50,
          "executed_branches": [],
          "missing_branches": [
            [78, 80],
            [78, 112],
            [83, 85],
            [83, 88],
            [92, 94],
            [92, 101],
            [101, 78],
            [101, 103]
          ]
        },
        "AchievementService.unlock_achievement": {
          "executed_lines": [],
          "summary": {
            "covered_lines": 0,
            "num_statements": 5,
            "percent_covered": 0.0,
            "percent_covered_display": "0",
            "missing_lines": 5,
            "excluded_lines": 0,
            "percent_statements_covered": 0.0,
            "percent_statements_covered_display": "0",
            "num_branches": 0,
            "num_partial_branches": 0,
            "covered_branches": 0,
            "missing_branches": 0,
            "percent_branches_covered": 100.0,
            "percent_branches_covered_display": "100"
          },
          "missing_lines": [140, 151, 155, 156, 162],
          "excluded_lines": [],
          "start_line": 114,
          "executed_branches": [],
          "missing_branches": []
        },
        "AchievementService.advance_tier": {
          "executed_lines": [],
          "summary": {
            "covered_lines": 0,
            "num_statements": 9,
            "percent_covered": 0.0,
            "percent_covered_display": "0",
            "missing_lines": 9,
            "excluded_lines": 0,
            "percent_statements_covered": 0.0,
            "percent_statements_covered_display": "0",
            "num_branches": 2,
            "num_partial_branches": 0,
            "covered_branches": 0,
            "missing_branches": 2,
            "percent_branches_covered": 0.0,
            "percent_branches_covered_display": "0"
          },
          "missing_lines": [202, 204, 219, 226, 227, 228, 231, 232, 237],
          "excluded_lines": [],
          "start_line": 176,
          "executed_branches": [],
          "missing_branches": [
            [202, 204],
            [202, 219]
          ]
        },
        "AchievementService.calculate_xp_reward": {
          "executed_lines": [],
          "summary": {
            "covered_lines": 0,
            "num_statements": 3,
            "percent_covered": 0.0,
            "percent_covered_display": "0",
            "missing_lines": 3,
            "excluded_lines": 0,
            "percent_statements_covered": 0.0,
            "percent_statements_covered_display": "0",
            "num_branches": 0,
            "num_partial_branches": 0,
            "covered_branches": 0,
            "missing_branches": 0,
            "percent_branches_covered": 100.0,
            "percent_branches_covered_display": "100"
          },
          "missing_lines": [270, 277, 278],
          "excluded_lines": [],
          "start_line": 252,
          "executed_branches": [],
          "missing_branches": []
        },
        "AchievementService.pin_achievement": {
          "executed_lines": [],
          "summary": {
            "covered_lines": 0,
            "num_statements": 7,
            "percent_covered": 0.0,
            "percent_covered_display": "0",
            "missing_lines": 7,
            "excluded_lines": 0,
            "percent_statements_covered": 0.0,
            "percent_statements_covered_display": "0",
            "num_branches": 4,
            "num_partial_branches": 0,
            "covered_branches": 0,
            "missing_branches": 4,
            "percent_branches_covered": 0.0,
            "percent_branches_covered_display": "0"
          },
          "missing_lines": [300, 303, 304, 311, 316, 317, 322],
          "excluded_lines": [],
          "start_line": 280,
          "executed_branches": [],
          "missing_branches": [
            [303, 304],
            [303, 311],
            [316, 317],
            [316, 322]
          ]
        },
        "AchievementService.unpin_achievement": {
          "executed_lines": [],
          "summary": {
            "covered_lines": 0,
            "num_statements": 7,
            "percent_covered": 0.0,
            "percent_covered_display": "0",
            "missing_lines": 7,
            "excluded_lines": 0,
            "percent_statements_covered": 0.0,
            "percent_statements_covered_display": "0",
            "num_branches": 4,
            "num_partial_branches": 0,
            "covered_branches": 0,
            "missing_branches": 4,
            "percent_branches_covered": 0.0,
            "percent_branches_covered_display": "0"
          },
          "missing_lines": [341, 344, 345, 352, 357, 358, 363],
          "excluded_lines": [],
          "start_line": 324,
          "executed_branches": [],
          "missing_branches": [
            [344, 345],
            [344, 352],
            [357, 358],
            [357, 363]
          ]
        },
        "": {
          "executed_lines": [
            3, 4, 6, 8, 9, 10, 14, 21, 22, 23, 26, 31, 50, 114, 176, 251, 252, 280, 324
          ],
          "summary": {
            "covered_lines": 19,
            "num_statements": 19,
            "percent_covered": 100.0,
            "percent_covered_display": "100",
            "missing_lines": 0,
            "excluded_lines": 0,
            "percent_statements_covered": 100.0,
            "percent_statements_covered_display": "100",
            "num_branches": 0,
            "num_partial_branches": 0,
            "covered_branches": 0,
            "missing_branches": 0,
            "percent_branches_covered": 100.0,
            "percent_branches_covered_display": "100"
          },
          "missing_lines": [],
          "excluded_lines": [],
          "start_line": 1,
          "executed_branches": [],
          "missing_branches": []
        }
      },
      "classes": {
        "AchievementService": {
          "executed_lines": [],
          "summary": {
            "covered_lines": 0,
            "num_statements": 50,
            "percent_covered": 0.0,
            "percent_covered_display": "0",
            "missing_lines": 50,
            "excluded_lines": 0,
            "percent_statements_covered": 0.0,
            "percent_statements_covered_display": "0",
            "num_branches": 18,
            "num_partial_branches": 0,
            "covered_branches": 0,
            "missing_branches": 18,
            "percent_branches_covered": 0.0,
            "percent_branches_covered_display": "0"
          },
          "missing_lines": [
            45, 46, 47, 48, 70, 73, 76, 78, 80, 83, 85, 88, 92, 94, 100, 101, 103, 110, 112, 140,
            151, 155, 156, 162, 202, 204, 219, 226, 227, 228, 231, 232, 237, 270, 277, 278, 300,
            303, 304, 311, 316, 317, 322, 341, 344, 345, 352, 357, 358, 363
          ],
          "excluded_lines": [],
          "start_line": 26,
          "executed_branches": [],
          "missing_branches": [
            [78, 80],
            [78, 112],
            [83, 85],
            [83, 88],
            [92, 94],
            [92, 101],
            [101, 78],
            [101, 103],
            [202, 204],
            [202, 219],
            [303, 304],
            [303, 311],
            [316, 317],
            [316, 322],
            [344, 345],
            [344, 352],
            [357, 358],
            [357, 363]
          ]
        },
        "": {
          "executed_lines": [
            3, 4, 6, 8, 9, 10, 14, 21, 22, 23, 26, 31, 50, 114, 176, 251, 252, 280, 324
          ],
          "summary": {
            "covered_lines": 19,
            "num_statements": 19,
            "percent_covered": 100.0,
            "percent_covered_display": "100",
            "missing_lines": 0,
            "excluded_lines": 0,
            "percent_statements_covered": 100.0,
            "percent_statements_covered_display": "100",
            "num_branches": 0,
            "num_partial_branches": 0,
            "covered_branches": 0,
            "missing_branches": 0,
            "percent_branches_covered": 100.0,
            "percent_branches_covered_display": "100"
          },
          "missing_lines": [],
          "excluded_lines": [],
          "start_line": 1,
          "executed_branches": [],
          "missing_branches": []
        }
      }
    },
    "src/app/activity/__init__.py": {
      "executed_lines": [3, 4, 5, 6, 7, 8, 10],
      "summary": {
        "covered_lines": 7,
        "num_statements": 7,
        "percent_covered": 100.0,
        "percent_covered_display": "100",
        "missing_lines": 0,
        "excluded_lines": 0,
        "percent_statements_covered": 100.0,
        "percent_statements_covered_display": "100",
        "num_branches": 0,
        "num_partial_branches": 0,
        "covered_branches": 0,
        "missing_branches": 0,
        "percent_branches_covered": 100.0,
        "percent_branches_covered_display": "100"
      },
      "missing_lines": [],
      "excluded_lines": [],
      "executed_branches": [],
      "missing_branches": [],
      "functions": {
        "": {
          "executed_lines": [3, 4, 5, 6, 7, 8, 10],
          "summary": {
            "covered_lines": 7,
            "num_statements": 7,
            "percent_covered": 100.0,
            "percent_covered_display": "100",
            "missing_lines": 0,
            "excluded_lines": 0,
            "percent_statements_covered": 100.0,
            "percent_statements_covered_display": "100",
            "num_branches": 0,
            "num_partial_branches": 0,
            "covered_branches": 0,
            "missing_branches": 0,
            "percent_branches_covered": 100.0,
            "percent_branches_covered_display": "100"
          },
          "missing_lines": [],
          "excluded_lines": [],
          "start_line": 1,
          "executed_branches": [],
          "missing_branches": []
        }
      },
      "classes": {
        "": {
          "executed_lines": [3, 4, 5, 6, 7, 8, 10],
          "summary": {
            "covered_lines": 7,
            "num_statements": 7,
            "percent_covered": 100.0,
            "percent_covered_display": "100",
            "missing_lines": 0,
            "excluded_lines": 0,
            "percent_statements_covered": 100.0,
            "percent_statements_covered_display": "100",
            "num_branches": 0,
            "num_partial_branches": 0,
            "covered_branches": 0,
            "missing_branches": 0,
            "percent_branches_covered": 100.0,
            "percent_branches_covered_display": "100"
          },
          "missing_lines": [],
          "excluded_lines": [],
          "start_line": 1,
          "executed_branches": [],
          "missing_branches": []
        }
      }
    },
    "src/app/activity/dependencies.py": {
      "executed_lines": [3, 5, 6, 8, 9, 10, 13, 28],
      "summary": {
        "covered_lines": 8,
        "num_statements": 10,
        "percent_covered": 80.0,
        "percent_covered_display": "80",
        "missing_lines": 2,
        "excluded_lines": 0,
        "percent_statements_covered": 80.0,
        "percent_statements_covered_display": "80",
        "num_branches": 0,
        "num_partial_branches": 0,
        "covered_branches": 0,
        "missing_branches": 0,
        "percent_branches_covered": 100.0,
        "percent_branches_covered_display": "100"
      },
      "missing_lines": [25, 40],
      "excluded_lines": [],
      "executed_branches": [],
      "missing_branches": [],
      "functions": {
        "get_activity_repository": {
          "executed_lines": [],
          "summary": {
            "covered_lines": 0,
            "num_statements": 1,
            "percent_covered": 0.0,
            "percent_covered_display": "0",
            "missing_lines": 1,
            "excluded_lines": 0,
            "percent_statements_covered": 0.0,
            "percent_statements_covered_display": "0",
            "num_branches": 0,
            "num_partial_branches": 0,
            "covered_branches": 0,
            "missing_branches": 0,
            "percent_branches_covered": 100.0,
            "percent_branches_covered_display": "100"
          },
          "missing_lines": [25],
          "excluded_lines": [],
          "start_line": 13,
          "executed_branches": [],
          "missing_branches": []
        },
        "get_activity_service": {
          "executed_lines": [],
          "summary": {
            "covered_lines": 0,
            "num_statements": 1,
            "percent_covered": 0.0,
            "percent_covered_display": "0",
            "missing_lines": 1,
            "excluded_lines": 0,
            "percent_statements_covered": 0.0,
            "percent_statements_covered_display": "0",
            "num_branches": 0,
            "num_partial_branches": 0,
            "covered_branches": 0,
            "missing_branches": 0,
            "percent_branches_covered": 100.0,
            "percent_branches_covered_display": "100"
          },
          "missing_lines": [40],
          "excluded_lines": [],
          "start_line": 28,
          "executed_branches": [],
          "missing_branches": []
        },
        "": {
          "executed_lines": [3, 5, 6, 8, 9, 10, 13, 28],
          "summary": {
            "covered_lines": 8,
            "num_statements": 8,
            "percent_covered": 100.0,
            "percent_covered_display": "100",
            "missing_lines": 0,
            "excluded_lines": 0,
            "percent_statements_covered": 100.0,
            "percent_statements_covered_display": "100",
            "num_branches": 0,
            "num_partial_branches": 0,
            "covered_branches": 0,
            "missing_branches": 0,
            "percent_branches_covered": 100.0,
            "percent_branches_covered_display": "100"
          },
          "missing_lines": [],
          "excluded_lines": [],
          "start_line": 1,
          "executed_branches": [],
          "missing_branches": []
        }
      },
      "classes": {
        "": {
          "executed_lines": [3, 5, 6, 8, 9, 10, 13, 28],
          "summary": {
            "covered_lines": 8,
            "num_statements": 10,
            "percent_covered": 80.0,
            "percent_covered_display": "80",
            "missing_lines": 2,
            "excluded_lines": 0,
            "percent_statements_covered": 80.0,
            "percent_statements_covered_display": "80",
            "num_branches": 0,
            "num_partial_branches": 0,
            "covered_branches": 0,
            "missing_branches": 0,
            "percent_branches_covered": 100.0,
            "percent_branches_covered_display": "100"
          },
          "missing_lines": [25, 40],
          "excluded_lines": [],
          "start_line": 1,
          "executed_branches": [],
          "missing_branches": []
        }
      }
    },
    "src/app/activity/models.py": {
      "executed_lines": [3, 4, 6, 7, 8, 10, 16, 24, 27, 34, 39, 47, 50, 53],
      "summary": {
        "covered_lines": 14,
        "num_statements": 14,
        "percent_covered": 100.0,
        "percent_covered_display": "100",
        "missing_lines": 0,
        "excluded_lines": 8,
        "percent_statements_covered": 100.0,
        "percent_statements_covered_display": "100",
[...]
            "percent_branches_covered_display": "0"
          },
          "missing_lines": [54, 55, 57, 58, 59, 60],
          "excluded_lines": [],
          "start_line": 52,
          "executed_branches": [],
          "missing_branches": [
            [54, 55],
            [54, 57],
            [57, 58],
            [57, 60]
          ]
        },
        "UserLevelResponse.from_user": {
          "executed_lines": [146, 147, 148, 149, 150, 152],
          "summary": {
            "covered_lines": 6,
            "num_statements": 6,
            "percent_covered": 100.0,
            "percent_covered_display": "100",
            "missing_lines": 0,
            "excluded_lines": 0,
            "percent_statements_covered": 100.0,
            "percent_statements_covered_display": "100",
            "num_branches": 0,
            "num_partial_branches": 0,
            "covered_branches": 0,
            "missing_branches": 0,
            "percent_branches_covered": 100.0,
            "percent_branches_covered_display": "100"
          },
          "missing_lines": [],
          "excluded_lines": [],
          "start_line": 139,
          "executed_branches": [],
          "missing_branches": []
        },
        "": {
          "executed_lines": [
            3, 4, 6, 8, 11, 18, 19, 26, 27, 32, 35, 42, 43, 44, 45, 46, 47, 48, 50, 51, 52, 63, 71,
            72, 73, 74, 75, 76, 77, 78, 79, 80, 81, 82, 83, 86, 94, 95, 96, 97, 98, 99, 100, 101,
            105, 112, 113, 114, 115, 116, 117, 118, 119, 120, 121, 124, 131, 132, 133, 134, 135,
            136, 138, 139
          ],
          "summary": {
            "covered_lines": 64,
            "num_statements": 64,
            "percent_covered": 100.0,
            "percent_covered_display": "100",
            "missing_lines": 0,
            "excluded_lines": 0,
            "percent_statements_covered": 100.0,
            "percent_statements_covered_display": "100",
            "num_branches": 0,
            "num_partial_branches": 0,
            "covered_branches": 0,
            "missing_branches": 0,
            "percent_branches_covered": 100.0,
            "percent_branches_covered_display": "100"
          },
          "missing_lines": [],
          "excluded_lines": [],
          "start_line": 1,
          "executed_branches": [],
          "missing_branches": []
        }
      },
      "classes": {
        "UserCreate": {
          "executed_lines": [],
          "summary": {
            "covered_lines": 0,
            "num_statements": 0,
            "percent_covered": 100.0,
            "percent_covered_display": "100",
            "missing_lines": 0,
            "excluded_lines": 0,
            "percent_statements_covered": 100.0,
            "percent_statements_covered_display": "100",
            "num_branches": 0,
            "num_partial_branches": 0,
            "covered_branches": 0,
            "missing_branches": 0,
            "percent_branches_covered": 100.0,
            "percent_branches_covered_display": "100"
          },
          "missing_lines": [],
          "excluded_lines": [],
          "start_line": 11,
          "executed_branches": [],
          "missing_branches": []
        },
        "UserUpdate": {
          "executed_lines": [],
          "summary": {
            "covered_lines": 0,
            "num_statements": 6,
            "percent_covered": 0.0,
            "percent_covered_display": "0",
            "missing_lines": 6,
            "excluded_lines": 0,
            "percent_statements_covered": 0.0,
            "percent_statements_covered_display": "0",
            "num_branches": 4,
            "num_partial_branches": 0,
            "covered_branches": 0,
            "missing_branches": 4,
            "percent_branches_covered": 0.0,
            "percent_branches_covered_display": "0"
          },
          "missing_lines": [54, 55, 57, 58, 59, 60],
          "excluded_lines": [],
          "start_line": 35,
          "executed_branches": [],
          "missing_branches": [
            [54, 55],
            [54, 57],
            [57, 58],
            [57, 60]
          ]
        },
        "UserResponse": {
          "executed_lines": [],
          "summary": {
            "covered_lines": 0,
            "num_statements": 0,
            "percent_covered": 100.0,
            "percent_covered_display": "100",
            "missing_lines": 0,
            "excluded_lines": 0,
            "percent_statements_covered": 100.0,
            "percent_statements_covered_display": "100",
            "num_branches": 0,
            "num_partial_branches": 0,
            "covered_branches": 0,
            "missing_branches": 0,
            "percent_branches_covered": 100.0,
            "percent_branches_covered_display": "100"
          },
          "missing_lines": [],
          "excluded_lines": [],
          "start_line": 63,
          "executed_branches": [],
          "missing_branches": []
        },
        "UserPublicResponse": {
          "executed_lines": [],
          "summary": {
            "covered_lines": 0,
            "num_statements": 0,
            "percent_covered": 100.0,
            "percent_covered_display": "100",
            "missing_lines": 0,
            "excluded_lines": 0,
            "percent_statements_covered": 100.0,
            "percent_statements_covered_display": "100",
            "num_branches": 0,
            "num_partial_branches": 0,
            "covered_branches": 0,
            "missing_branches": 0,
            "percent_branches_covered": 100.0,
            "percent_branches_covered_display": "100"
          },
          "missing_lines": [],
          "excluded_lines": [],
          "start_line": 86,
          "executed_branches": [],
          "missing_branches": []
        },
        "UserStatsResponse": {
          "executed_lines": [],
          "summary": {
            "covered_lines": 0,
            "num_statements": 0,
            "percent_covered": 100.0,
            "percent_covered_display": "100",
            "missing_lines": 0,
            "excluded_lines": 0,
            "percent_statements_covered": 100.0,
            "percent_statements_covered_display": "100",
            "num_branches": 0,
            "num_partial_branches": 0,
            "covered_branches": 0,
            "missing_branches": 0,
            "percent_branches_covered": 100.0,
            "percent_branches_covered_display": "100"
          },
          "missing_lines": [],
          "excluded_lines": [],
          "start_line": 105,
          "executed_branches": [],
          "missing_branches": []
        },
        "UserLevelResponse": {
          "executed_lines": [146, 147, 148, 149, 150, 152],
          "summary": {
            "covered_lines": 6,
            "num_statements": 6,
            "percent_covered": 100.0,
            "percent_covered_display": "100",
            "missing_lines": 0,
            "excluded_lines": 0,
            "percent_statements_covered": 100.0,
            "percent_statements_covered_display": "100",
            "num_branches": 0,
            "num_partial_branches": 0,
            "covered_branches": 0,
            "missing_branches": 0,
            "percent_branches_covered": 100.0,
            "percent_branches_covered_display": "100"
          },
          "missing_lines": [],
          "excluded_lines": [],
          "start_line": 124,
          "executed_branches": [],
          "missing_branches": []
        },
        "": {
          "executed_lines": [
            3, 4, 6, 8, 11, 18, 19, 26, 27, 32, 35, 42, 43, 44, 45, 46, 47, 48, 50, 51, 52, 63, 71,
            72, 73, 74, 75, 76, 77, 78, 79, 80, 81, 82, 83, 86, 94, 95, 96, 97, 98, 99, 100, 101,
            105, 112, 113, 114, 115, 116, 117, 118, 119, 120, 121, 124, 131, 132, 133, 134, 135,
            136, 138, 139
          ],
          "summary": {
            "covered_lines": 64,
            "num_statements": 64,
            "percent_covered": 100.0,
            "percent_covered_display": "100",
            "missing_lines": 0,
            "excluded_lines": 0,
            "percent_statements_covered": 100.0,
            "percent_statements_covered_display": "100",
            "num_branches": 0,
            "num_partial_branches": 0,
            "covered_branches": 0,
            "missing_branches": 0,
            "percent_branches_covered": 100.0,
            "percent_branches_covered_display": "100"
          },
          "missing_lines": [],
          "excluded_lines": [],
          "start_line": 1,
          "executed_branches": [],
          "missing_branches": []
        }
      }
    },
    "src/app/user/service.py": {
      "executed_lines": [
        3, 4, 6, 7, 9, 10, 11, 12, 13, 16, 27, 39, 40, 41, 43, 56, 61, 88, 117, 118, 141, 160, 218
      ],
      "summary": {
        "covered_lines": 23,
        "num_statements": 65,
        "percent_covered": 30.666666666666668,
        "percent_covered_display": "31",
        "missing_lines": 42,
        "excluded_lines": 0,
        "percent_statements_covered": 35.38461538461539,
        "percent_statements_covered_display": "35",
        "num_branches": 10,
        "num_partial_branches": 0,
        "covered_branches": 0,
        "missing_branches": 10,
        "percent_branches_covered": 0.0,
        "percent_branches_covered_display": "0"
      },
      "missing_lines": [
        57, 58, 59, 83, 84, 86, 102, 103, 104, 107, 108, 111, 112, 113, 114, 115, 137, 138, 139,
        161, 162, 165, 166, 167, 170, 171, 172, 175, 192, 193, 196, 199, 200, 202, 236, 239, 243,
        244, 247, 251, 252, 254
      ],
      "excluded_lines": [],
      "executed_branches": [],
      "missing_branches": [
        [57, 58],
        [57, 59],
        [83, 84],
        [83, 86],
        [103, 104],
        [103, 107],
        [137, 138],
        [137, 139],
        [161, 162],
        [161, 165]
      ],
      "functions": {
        "UserService.__init__": {
          "executed_lines": [39, 40, 41],
          "summary": {
            "covered_lines": 3,
            "num_statements": 3,
            "percent_covered": 100.0,
            "percent_covered_display": "100",
            "missing_lines": 0,
            "excluded_lines": 0,
            "percent_statements_covered": 100.0,
            "percent_statements_covered_display": "100",
            "num_branches": 0,
            "num_partial_branches": 0,
            "covered_branches": 0,
            "missing_branches": 0,
            "percent_branches_covered": 100.0,
            "percent_branches_covered_display": "100"
          },
          "missing_lines": [],
          "excluded_lines": [],
          "start_line": 27,
          "executed_branches": [],
          "missing_branches": []
        },
        "UserService.get_by_username_or_raise": {
          "executed_lines": [56],
          "summary": {
            "covered_lines": 1,
            "num_statements": 4,
            "percent_covered": 16.666666666666668,
            "percent_covered_display": "17",
            "missing_lines": 3,
            "excluded_lines": 0,
            "percent_statements_covered": 25.0,
            "percent_statements_covered_display": "25",
            "num_branches": 2,
            "num_partial_branches": 0,
            "covered_branches": 0,
            "missing_branches": 2,
            "percent_branches_covered": 0.0,
            "percent_branches_covered_display": "0"
          },
          "missing_lines": [57, 58, 59],
          "excluded_lines": [],
          "start_line": 43,
          "executed_branches": [],
          "missing_branches": [
            [57, 58],
            [57, 59]
          ]
        },
        "UserService.update_profile": {
          "executed_lines": [],
          "summary": {
            "covered_lines": 0,
            "num_statements": 3,
            "percent_covered": 0.0,
            "percent_covered_display": "0",
            "missing_lines": 3,
            "excluded_lines": 0,
            "percent_statements_covered": 0.0,
            "percent_statements_covered_display": "0",
            "num_branches": 2,
            "num_partial_branches": 0,
            "covered_branches": 0,
            "missing_branches": 2,
            "percent_branches_covered": 0.0,
            "percent_branches_covered_display": "0"
          },
          "missing_lines": [83, 84, 86],
          "excluded_lines": [],
          "start_line": 61,
          "executed_branches": [],
          "missing_branches": [
            [83, 84],
            [83, 86]
          ]
        },
        "UserService.update_xp": {
          "executed_lines": [],
          "summary": {
            "covered_lines": 0,
            "num_statements": 10,
            "percent_covered": 0.0,
            "percent_covered_display": "0",
            "missing_lines": 10,
            "excluded_lines": 0,
            "percent_statements_covered": 0.0,
            "percent_statements_covered_display": "0",
            "num_branches": 2,
            "num_partial_branches": 0,
            "covered_branches": 0,
            "missing_branches": 2,
            "percent_branches_covered": 0.0,
            "percent_branches_covered_display": "0"
          },
          "missing_lines": [102, 103, 104, 107, 108, 111, 112, 113, 114, 115],
          "excluded_lines": [],
          "start_line": 88,
          "executed_branches": [],
          "missing_branches": [
            [103, 104],
            [103, 107]
          ]
        },
        "UserService.calculate_level": {
          "executed_lines": [],
          "summary": {
            "covered_lines": 0,
            "num_statements": 3,
            "percent_covered": 0.0,
            "percent_covered_display": "0",
            "missing_lines": 3,
            "excluded_lines": 0,
            "percent_statements_covered": 0.0,
            "percent_statements_covered_display": "0",
            "num_branches": 2,
            "num_partial_branches": 0,
            "covered_branches": 0,
            "missing_branches": 2,
            "percent_branches_covered": 0.0,
            "percent_branches_covered_display": "0"
          },
          "missing_lines": [137, 138, 139],
          "excluded_lines": [],
          "start_line": 118,
          "executed_branches": [],
          "missing_branches": [
            [137, 138],
            [137, 139]
          ]
        },
        "UserService.get_user_stats": {
          "executed_lines": [160],
          "summary": {
            "covered_lines": 1,
            "num_statements": 16,
            "percent_covered": 5.555555555555555,
            "percent_covered_display": "6",
            "missing_lines": 15,
            "excluded_lines": 0,
            "percent_statements_covered": 6.25,
            "percent_statements_covered_display": "6",
            "num_branches": 2,
            "num_partial_branches": 0,
            "covered_branches": 0,
            "missing_branches": 2,
            "percent_branches_covered": 0.0,
            "percent_branches_covered_display": "0"
          },
          "missing_lines": [
            161, 162, 165, 166, 167, 170, 171, 172, 175, 192, 193, 196, 199, 200, 202
          ],
          "excluded_lines": [],
          "start_line": 141,
          "executed_branches": [],
          "missing_branches": [
            [161, 162],
            [161, 165]
          ]
        },
        "UserService.get_follow_status": {
          "executed_lines": [],
          "summary": {
            "covered_lines": 0,
            "num_statements": 8,
            "percent_covered": 0.0,
            "percent_covered_display": "0",
            "missing_lines": 8,
            "excluded_lines": 0,
            "percent_statements_covered": 0.0,
            "percent_statements_covered_display": "0",
            "num_branches": 0,
            "num_partial_branches": 0,
            "covered_branches": 0,
            "missing_branches": 0,
            "percent_branches_covered": 100.0,
            "percent_branches_covered_display": "100"
          },
          "missing_lines": [236, 239, 243, 244, 247, 251, 252, 254],
          "excluded_lines": [],
          "start_line": 218,
          "executed_branches": [],
          "missing_branches": []
        },
        "": {
          "executed_lines": [3, 4, 6, 7, 9, 10, 11, 12, 13, 16, 27, 43, 61, 88, 117, 118, 141, 218],
          "summary": {
            "covered_lines": 18,
            "num_statements": 18,
            "percent_covered": 100.0,
            "percent_covered_display": "100",
            "missing_lines": 0,
            "excluded_lines": 0,
            "percent_statements_covered": 100.0,
            "percent_statements_covered_display": "100",
            "num_branches": 0,
            "num_partial_branches": 0,
            "covered_branches": 0,
            "missing_branches": 0,
            "percent_branches_covered": 100.0,
            "percent_branches_covered_display": "100"
          },
          "missing_lines": [],
          "excluded_lines": [],
          "start_line": 1,
          "executed_branches": [],
          "missing_branches": []
        }
      },
      "classes": {
        "UserService": {
          "executed_lines": [39, 40, 41, 56, 160],
          "summary": {
            "covered_lines": 5,
            "num_statements": 47,
            "percent_covered": 8.771929824561404,
            "percent_covered_display": "9",
            "missing_lines": 42,
            "excluded_lines": 0,
            "percent_statements_covered": 10.638297872340425,
            "percent_statements_covered_display": "11",
            "num_branches": 10,
            "num_partial_branches": 0,
            "covered_branches": 0,
            "missing_branches": 10,
            "percent_branches_covered": 0.0,
            "percent_branches_covered_display": "0"
          },
          "missing_lines": [
            57, 58, 59, 83, 84, 86, 102, 103, 104, 107, 108, 111, 112, 113, 114, 115, 137, 138, 139,
            161, 162, 165, 166, 167, 170, 171, 172, 175, 192, 193, 196, 199, 200, 202, 236, 239,
            243, 244, 247, 251, 252, 254
          ],
          "excluded_lines": [],
          "start_line": 16,
          "executed_branches": [],
          "missing_branches": [
            [57, 58],
            [57, 59],
            [83, 84],
            [83, 86],
            [103, 104],
            [103, 107],
            [137, 138],
            [137, 139],
            [161, 162],
            [161, 165]
          ]
        },
        "": {
          "executed_lines": [3, 4, 6, 7, 9, 10, 11, 12, 13, 16, 27, 43, 61, 88, 117, 118, 141, 218],
          "summary": {
            "covered_lines": 18,
            "num_statements": 18,
            "percent_covered": 100.0,
            "percent_covered_display": "100",
            "missing_lines": 0,
            "excluded_lines": 0,
            "percent_statements_covered": 100.0,
            "percent_statements_covered_display": "100",
            "num_branches": 0,
            "num_partial_branches": 0,
            "covered_branches": 0,
            "missing_branches": 0,
            "percent_branches_covered": 100.0,
            "percent_branches_covered_display": "100"
          },
          "missing_lines": [],
          "excluded_lines": [],
          "start_line": 1,
          "executed_branches": [],
          "missing_branches": []
        }
      }
    }
  },
  "totals": {
    "covered_lines": 2348,
    "num_statements": 3815,
    "percent_covered": 55.67731405922127,
    "percent_covered_display": "56",
    "missing_lines": 1467,
    "excluded_lines": 100,
    "percent_statements_covered": 61.54652686762778,
    "percent_statements_covered_display": "62",
    "num_branches": 474,
    "num_partial_branches": 14,
    "covered_branches": 40,
    "missing_branches": 434,
    "percent_branches_covered": 8.438818565400844,
    "percent_branches_covered_display": "8"
  }
}
